<?xml version="1.0" encoding="utf-8"?><testsuites name="pytest tests"><testsuite name="pytest" errors="0" failures="0" skipped="0" tests="63" time="34.021" timestamp="2026-09-16T15:04:54.308822+03:00" hostname="Dakstar1"><testcase classname="tests.test_track_metadata" name="test_dates_preserve_their_actual_precision[1998]" time="0.001" /><testcase classname="tests.test_track_metadata" name="test_dates_preserve_their_actual_precision[1998-04]" time="0.002" /><testcase classname="tests.test_track_metadata" name="test_dates_preserve_their_actual_precision[2000-02-29]" time="0.002" /><testcase classname="tests.test_track_metadata" name="test_invalid_dates_do_not_become_fabricated_dates[]" time="0.001" /><testcase classname="tests.test_track_metadata" name="test_invalid_dates_do_not_become_fabricated_dates[2025-02-29]" time="0.001" /><testcase classname="tests.test_track_metadata" name="test_invalid_dates_do_not_become_fabricated_dates[2024-13]" time="0.001" /><testcase classname="tests.test_track_metadata" name="test_invalid_dates_do_not_become_fabricated_dates[2024-01-00]" time="0.001" /><testcase classname="tests.test_track_metadata" name="test_invalid_dates_do_not_become_fabricated_dates[0]" time="0.001" /><testcase classname="tests.test_track_metadata" name="test_invalid_dates_do_not_become_fabricated_dates[2024-1]" time="0.002" /><testcase classname="tests.test_track_metadata" name="test_invalid_dates_do_not_become_fabricated_dates[2024-01-01T00:00:00Z]" time="0.001" /><testcase classname="tests.test_track_metadata" name="test_manual_clear_and_correction_survive_late_provider_refresh" time="0.001" /><testcase classname="tests.test_track_metadata" name="test_auto_match_requires_unique_edition_and_duration_agreement" time="0.001" /><testcase classname="tests.test_track_metadata" name="test_malformed_or_locator_fields_are_rejected[fields0]" time="0.001" /><testcase classname="tests.test_track_metadata" name="test_malformed_or_locator_fields_are_rejected[fields1]" time="0.001" /><testcase classname="tests.test_track_metadata" name="test_malformed_or_locator_fields_are_rejected[fields2]" time="0.001" /><testcase classname="tests.test_track_metadata" name="test_malformed_or_locator_fields_are_rejected[fields3]" time="0.001" /><testcase classname="tests.test_track_metadata" name="test_malformed_or_locator_fields_are_rejected[fields4]" time="0.002" /><testcase classname="tests.test_track_metadata" name="test_malformed_or_locator_fields_are_rejected[fields5]" time="0.002" /><testcase classname="tests.test_public_track_metadata" name="test_truncated_results_cannot_create_a_false_unique_match" time="0.001" /><testcase classname="tests.test_public_track_metadata" name="test_pagination_and_multiple_editions_remain_reviewable" time="0.001" /><testcase classname="tests.test_public_track_metadata" name="test_malformed_provider_shapes_never_escape_as_unclassified_errors[document0]" time="0.001" /><testcase classname="tests.test_public_track_metadata" name="test_malformed_provider_shapes_never_escape_as_unclassified_errors[document1]" time="0.001" /><testcase classname="tests.test_public_track_metadata" name="test_malformed_provider_shapes_never_escape_as_unclassified_errors[document2]" time="0.001" /><testcase classname="tests.test_public_track_metadata" name="test_provider_does_not_follow_arbitrary_or_private_urls[http://musicbrainz.org/ws/2/]" time="0.002" /><testcase classname="tests.test_public_track_metadata" name="test_provider_does_not_follow_arbitrary_or_private_urls[https://evil.test/]" time="0.001" /><testcase classname="tests.test_public_track_metadata" name="test_provider_does_not_follow_arbitrary_or_private_urls[https://musicbrainz.org@127.0.0.1/]" time="0.001" /><testcase classname="tests.test_public_track_metadata" name="test_provider_does_not_follow_arbitrary_or_private_urls[https://archive.org.evil.test/image]" time="0.001" /><testcase classname="tests.test_public_track_metadata" name="test_provider_does_not_follow_arbitrary_or_private_urls[file:///secret]" time="0.001" /><testcase classname="tests.test_public_track_metadata" name="test_provider_does_not_follow_arbitrary_or_private_urls[https://musicbrainz.org:444/a]" time="0.001" /><testcase classname="tests.test_public_track_metadata" name="test_allowlisted_hostname_resolving_to_private_address_is_rejected" time="0.001" /><testcase classname="tests.test_public_track_metadata" name="test_embedded_tags_preserve_date_precision_and_ignore_invalid_values" time="0.001" /><testcase classname="tests.test_public_track_metadata" name="test_acoustid_keeps_ambiguity_and_bounds_candidates" time="0.001" /><testcase classname="tests.test_public_track_metadata" name="test_acoustid_malformed_response_is_classified" time="0.002" /><testcase classname="tests.test_public_track_metadata" name="test_release_requires_recording_membership" time="0.001" /><testcase classname="tests.test_public_track_metadata" name="test_http_retry_after_and_response_bounds" time="0.073" /><testcase classname="tests.postgresql.test_track_metadata" name="test_owner_revision_replay_immutable_history_and_identity" time="8.437" /><testcase classname="tests.postgresql.test_track_metadata" name="test_background_merge_preserves_manual_and_stale_generation_is_fenced" time="0.632" /><testcase classname="tests.postgresql.test_track_metadata" name="test_downgrade_preserves_nonempty_metadata" time="0.651" /><testcase classname="tests.postgresql.test_track_metadata" name="test_chosen_edition_replaces_automatic_fields_and_cover_atomically" time="0.569" /><testcase classname="tests.postgresql.test_track_metadata" name="test_terminal_job_reconciliation_and_retry_after" time="0.486" /><testcase classname="tests.postgresql.test_track_metadata" name="test_interactive_refresh_runs_before_backfill" time="0.641" /><testcase classname="tests.postgresql.test_track_metadata" name="test_http_owner_auth_validation_and_private_cache_headers" time="0.978" /><testcase classname="tests.postgresql.test_metadata" name="test_complete_table_and_column_inventory" time="0.002" /><testcase classname="tests.postgresql.test_metadata" name="test_all_rows_are_typed_mappers_without_relationship_behavior" time="0.004" /><testcase classname="tests.postgresql.test_metadata" name="test_constraint_and_foreign_key_names_are_explicit_and_qualified" time="0.003" /><testcase classname="tests.postgresql.test_metadata" name="test_explicit_index_inventory_and_no_python_defaults" time="0.002" /><testcase classname="tests.postgresql.test_metadata" name="test_unbounded_vector_columns_match_reference_contract" time="0.002" /><testcase classname="tests.postgresql.test_metadata" name="test_complete_mapping_definition_fingerprint" time="0.089" /><testcase classname="tests.postgresql.test_jobs_runtime" name="test_worker_cli_readiness_and_once_use_the_migrated_database" time="5.463" /><testcase classname="tests.postgresql.test_jobs_runtime" name="test_enqueue_replays_only_identical_input" time="0.430" /><testcase classname="tests.postgresql.test_jobs_runtime" name="test_enqueue_replays_same_scheduled_instant_after_timestamptz_normalizes_offset" time="0.530" /><testcase classname="tests.postgresql.test_jobs_runtime" name="test_omitted_schedule_replay_distinguishes_database_default_from_explicit_future" time="0.678" /><testcase classname="tests.postgresql.test_jobs_runtime" name="test_enqueue_payload_replay_is_type_aware_for_nested_bool_and_integer" time="0.463" /><testcase classname="tests.postgresql.test_jobs_runtime" name="test_concurrent_claim_is_disjoint_and_creates_one_open_attempt_per_job" time="0.599" /><testcase classname="tests.postgresql.test_jobs_runtime" name="test_claim_rollback_leaves_no_attempt_and_can_be_reclaimed" time="0.524" /><testcase classname="tests.postgresql.test_jobs_runtime" name="test_stale_attempt_cannot_heartbeat_checkpoint_or_complete_after_recovery" time="0.504" /><testcase classname="tests.postgresql.test_jobs_runtime" name="test_retry_limit_closes_attempt_history_and_terminal_job_is_not_reclaimed" time="0.537" /><testcase classname="tests.postgresql.test_jobs_runtime" name="test_owner_scoped_cancel_is_safe_for_pending_and_running_jobs" time="0.550" /><testcase classname="tests.postgresql.test_jobs_runtime" name="test_checkpoint_atomically_observes_cancel_and_stops_after_durable_save" time="0.521" /><testcase classname="tests.postgresql.test_jobs_runtime" name="test_concurrent_expired_lease_recovery_has_one_winner" time="0.448" /><testcase classname="tests.postgresql.test_jobs_runtime" name="test_worker_executes_registered_handler_and_never_claims_without_one" time="0.478" /><testcase classname="tests.postgresql.test_migration_close_gates" name="test_live_alembic_metadata_check_has_no_upgrade_operations" time="3.442" /><testcase classname="tests.postgresql.test_migrations" name="test_clean_upgrade_downgrade_and_upgrade_again" time="4.630" /></testsuite></testsuites>